app/build/intermediates/manifest_merge_blame_file/debug/manifest-merger-blame-debug-report.txt
1<?xml version="1.0" encoding="utf-8"?>
2<manifest xmlns:android="http://schemas.android.com/apk/res/android"
3    package="com.sorgs.app"
4    android:versionCode="1"
5    android:versionName="1.0" >
6
7    <uses-sdk
8        android:minSdkVersion="19"
8-->src\main\AndroidManifest.xml
9        android:targetSdkVersion="28" />
9-->src\main\AndroidManifest.xml
10
11    <uses-permission android:name="android.permission.INTERNET" />
11-->src\main\AndroidManifest.xml:5:5-67
11-->src\main\AndroidManifest.xml:5:22-64
12
13    <!-- 获取GSM（2g）、WCDMA（联通3g）等网络状态的信息 -->
14    <uses-permission android:name="android.permission.ACCESS_NETWORK_STATE" /> <!-- 获取wifi网络状态的信息 -->
14-->[:baseproject] AndroidManifest.xml:14:5-79
14-->[:baseproject] AndroidManifest.xml:14:22-76
15    <uses-permission android:name="android.permission.ACCESS_WIFI_STATE" /> <!-- 保持CPU 运转，屏幕和键盘灯有可能是关闭的,用于文件上传和下载 -->
15-->[:baseproject] AndroidManifest.xml:16:5-76
15-->[:baseproject] AndroidManifest.xml:16:22-73
16    <uses-permission android:name="android.permission.WAKE_LOCK" /> <!-- 获取sd卡写的权限，用于文件上传和下载 -->
16-->[:baseproject] AndroidManifest.xml:18:5-68
16-->[:baseproject] AndroidManifest.xml:18:22-65
17    <uses-permission android:name="android.permission.WRITE_EXTERNAL_STORAGE" /> <!-- 允许读取手机状态 -->
17-->[:baseproject] AndroidManifest.xml:20:5-81
17-->[:baseproject] AndroidManifest.xml:20:22-78
18    <uses-permission android:name="android.permission.READ_PHONE_STATE" /> <!-- 监听网络的变化 -->
18-->[:baseproject] AndroidManifest.xml:22:5-75
18-->[:baseproject] AndroidManifest.xml:22:22-72
19    <uses-permission android:name="android.permission.CHANGE_NETWORK_STATE" /> <!-- sd卡存储 -->
19-->[:baseproject] AndroidManifest.xml:24:5-79
19-->[:baseproject] AndroidManifest.xml:24:22-76
20    <uses-permission android:name="android.permission.READ_EXTERNAL_STORAGE" /> <!-- 摄像头 -->
20-->[:baseproject] AndroidManifest.xml:26:5-80
20-->[:baseproject] AndroidManifest.xml:26:22-77
21    <uses-permission android:name="android.permission.CAMERA" />
21-->[:baseproject] AndroidManifest.xml:28:5-65
21-->[:baseproject] AndroidManifest.xml:28:22-62
22
23    <application
23-->src\main\AndroidManifest.xml:6:5-22:19
24        android:name="com.sorgs.app.MyApplication"
24-->src\main\AndroidManifest.xml:7:9-38
25        android:allowBackup="true"
25-->src\main\AndroidManifest.xml:8:9-35
26        android:appComponentFactory="androidx.core.app.CoreComponentFactory"
26-->[androidx.core:core:1.1.0] AndroidManifest.xml:24:18-86
27        android:debuggable="true"
28        android:icon="@mipmap/ic_launcher"
28-->src\main\AndroidManifest.xml:9:9-43
29        android:label="@string/app_name"
29-->src\main\AndroidManifest.xml:10:9-41
30        android:networkSecurityConfig="@xml/network_security_config"
30-->src\main\AndroidManifest.xml:11:9-69
31        android:roundIcon="@mipmap/ic_launcher_round"
31-->src\main\AndroidManifest.xml:12:9-54
32        android:supportsRtl="true"
32-->src\main\AndroidManifest.xml:13:9-35
33        android:theme="@style/AppTheme" >
33-->src\main\AndroidManifest.xml:14:9-40
34        <activity android:name="com.sorgs.app.MainActivity" >
34-->src\main\AndroidManifest.xml:15:9-21:20
34-->src\main\AndroidManifest.xml:15:19-47
35            <intent-filter>
35-->src\main\AndroidManifest.xml:16:13-20:29
36                <action android:name="android.intent.action.MAIN" />
36-->src\main\AndroidManifest.xml:17:17-69
36-->src\main\AndroidManifest.xml:17:25-66
37
38                <category android:name="android.intent.category.LAUNCHER" />
38-->src\main\AndroidManifest.xml:19:17-77
38-->src\main\AndroidManifest.xml:19:27-74
39            </intent-filter>
40        </activity>
41        <!-- 友盟 Key（请在 Gradle 中配置，请不要在此处修改） -->
42        <meta-data
42-->[:umeng] AndroidManifest.xml:26:9-28:56
43            android:name="UMENG_APPKEY"
43-->[:umeng] AndroidManifest.xml:27:13-40
44            android:value="5e6af3f70cafb2f6740002ed" /> <!-- QQ AppId（请在 Gradle 中配置，请不要在此处修改） -->
44-->[:umeng] AndroidManifest.xml:28:13-53
45        <meta-data
45-->[:umeng] AndroidManifest.xml:31:9-33:41
46            android:name="QQ_APPID"
46-->[:umeng] AndroidManifest.xml:32:13-36
47            android:value="101861046" /> <!-- QQ Key（请在 Gradle 中配置，请不要在此处修改） -->
47-->[:umeng] AndroidManifest.xml:33:13-38
48        <meta-data
48-->[:umeng] AndroidManifest.xml:35:9-37:64
49            android:name="QQ_APPKEY"
49-->[:umeng] AndroidManifest.xml:36:13-37
50            android:value="c779595f6f513d799c6643cfaee87fef" /> <!-- 微信 AppId（请在 Gradle 中配置，请不要在此处修改） -->
50-->[:umeng] AndroidManifest.xml:37:13-61
51        <meta-data
51-->[:umeng] AndroidManifest.xml:40:9-42:50
52            android:name="WX_APPID"
52-->[:umeng] AndroidManifest.xml:41:13-36
53            android:value="wxdc1e388c3822c80b" /> <!-- 微信 Key（请在 Gradle 中配置，请不要在此处修改） -->
53-->[:umeng] AndroidManifest.xml:42:13-47
54        <meta-data
54-->[:umeng] AndroidManifest.xml:44:9-46:64
55            android:name="WX_APPKEY"
55-->[:umeng] AndroidManifest.xml:45:13-37
56            android:value="3baf1193c85774b3fd9d18447d76cab0" /> <!-- 友盟社会化 -->
56-->[:umeng] AndroidManifest.xml:46:13-61
57        <!-- QQ 回调 -->
58        <activity
58-->[:umeng] AndroidManifest.xml:52:9-64:20
59            android:name="com.tencent.tauth.AuthActivity"
59-->[:umeng] AndroidManifest.xml:53:13-58
60            android:launchMode="singleTask"
60-->[:umeng] AndroidManifest.xml:54:13-44
61            android:noHistory="true" >
61-->[:umeng] AndroidManifest.xml:55:13-37
62            <intent-filter>
62-->[:umeng] AndroidManifest.xml:56:13-63:29
63                <action android:name="android.intent.action.VIEW" />
63-->[:umeng] AndroidManifest.xml:57:17-69
63-->[:umeng] AndroidManifest.xml:57:25-66
64
65                <category android:name="android.intent.category.DEFAULT" />
65-->[:umeng] AndroidManifest.xml:59:17-76
65-->[:umeng] AndroidManifest.xml:59:27-73
66                <category android:name="android.intent.category.BROWSABLE" />
66-->[:umeng] AndroidManifest.xml:60:17-78
66-->[:umeng] AndroidManifest.xml:60:27-75
67
68                <data android:scheme="tencent101861046" />
68-->[:umeng] AndroidManifest.xml:62:17-59
68-->[:umeng] AndroidManifest.xml:62:23-56
69            </intent-filter>
70        </activity>
71        <activity
71-->[:umeng] AndroidManifest.xml:65:9-68:75
72            android:name="com.tencent.connect.common.AssistActivity"
72-->[:umeng] AndroidManifest.xml:66:13-69
73            android:configChanges="orientation|keyboardHidden|screenSize"
73-->[:umeng] AndroidManifest.xml:67:13-74
74            android:theme="@android:style/Theme.Translucent.NoTitleBar" /> <!-- 微信回调（请注意这个 Activity 放置的包名要和当前项目的包名保持一致，否则将不能正常回调） -->
74-->[:umeng] AndroidManifest.xml:68:13-72
75        <!-- suppress AndroidDomInspection -->
76        <activity
76-->[:umeng] AndroidManifest.xml:72:9-76:75
77            android:name="com.sorgs.app.wxapi.WXEntryActivity"
77-->[:umeng] AndroidManifest.xml:73:13-66
78            android:configChanges="keyboardHidden|orientation|screenSize"
78-->[:umeng] AndroidManifest.xml:74:13-74
79            android:exported="true"
79-->[:umeng] AndroidManifest.xml:75:13-36
80            android:theme="@android:style/Theme.Translucent.NoTitleBar" />
80-->[:umeng] AndroidManifest.xml:76:13-72
81    </application>
82
83</manifest>